# JRE version: OpenJDK Runtime Environment (15.0.2+7) (build 15.0.2+7-27)
# Java VM: OpenJDK 64-Bit Server VM (15.0.2+7-27, mixed mode, sharing, tiered, compressed oops, g1 gc, linux-amd64)
GC Precious Log:
 CPUs: 4 total, 4 available
 Memory: 7860M
 Large Page Support: Disabled
 NUMA Support: Disabled
 Compressed Oops: Enabled (32-bit)
 Heap Region Size: 1M
 Heap Min Capacity: 8M
 Heap Initial Capacity: 124M
 Heap Max Capacity: 1966M
 Pre-touch: Disabled
 Parallel Workers: 4
 Concurrent Workers: 1
 Concurrent Refinement Workers: 4
 Periodic GC: Disabled
Heap:
 garbage-first heap   total 115712K, used 80217K [0x0000000085200000, 0x0000000100000000)
  region size 1024K, 65 young (66560K), 1 survivors (1024K)
 Metaspace       used 33437K, capacity 33909K, committed 34608K, reserved 1079296K
  class space    used 3792K, capacity 3931K, committed 3968K, reserved 1048576K
GC Heap History (20 events):
Event: 5,045 GC heap before
{Heap before GC invocations=16 (full 0):
 garbage-first heap   total 73728K, used 57571K [0x0000000085200000, 0x0000000100000000)
  region size 1024K, 43 young (44032K), 2 survivors (2048K)
 Metaspace       used 26998K, capacity 27385K, committed 27952K, reserved 1075200K
  class space    used 2979K, capacity 3094K, committed 3200K, reserved 1048576K
}
Event: 5,050 GC heap after
{Heap after GC invocations=17 (full 0):
 garbage-first heap   total 73728K, used 15675K [0x0000000085200000, 0x0000000100000000)
  region size 1024K, 2 young (2048K), 2 survivors (2048K)
 Metaspace       used 26998K, capacity 27385K, committed 27952K, reserved 1075200K
  class space    used 2979K, capacity 3094K, committed 3200K, reserved 1048576K
}
Event: 5,168 GC heap before
{Heap before GC invocations=17 (full 0):
 garbage-first heap   total 73728K, used 57659K [0x0000000085200000, 0x0000000100000000)
  region size 1024K, 43 young (44032K), 2 survivors (2048K)
 Metaspace       used 26998K, capacity 27385K, committed 27952K, reserved 1075200K
  class space    used 2979K, capacity 3094K, committed 3200K, reserved 1048576K
}
Event: 5,172 GC heap after
{Heap after GC invocations=18 (full 0):
 garbage-first heap   total 89088K, used 15597K [0x0000000085200000, 0x0000000100000000)
  region size 1024K, 2 young (2048K), 2 survivors (2048K)
 Metaspace       used 26998K, capacity 27385K, committed 27952K, reserved 1075200K
  class space    used 2979K, capacity 3094K, committed 3200K, reserved 1048576K
}
Event: 5,320 GC heap before
{Heap before GC invocations=18 (full 0):
 garbage-first heap   total 89088K, used 66797K [0x0000000085200000, 0x0000000100000000)
  region size 1024K, 52 young (53248K), 2 survivors (2048K)
 Metaspace       used 26998K, capacity 27385K, committed 27952K, reserved 1075200K
  class space    used 2979K, capacity 3094K, committed 3200K, reserved 1048576K
}
Event: 5,324 GC heap after
{Heap after GC invocations=19 (full 0):
 garbage-first heap   total 89088K, used 15602K [0x0000000085200000, 0x0000000100000000)
  region size 1024K, 2 young (2048K), 2 survivors (2048K)
 Metaspace       used 26998K, capacity 27385K, committed 27952K, reserved 1075200K
  class space    used 2979K, capacity 3094K, committed 3200K, reserved 1048576K
}
Event: 5,458 GC heap before
{Heap before GC invocations=19 (full 0):
 garbage-first heap   total 89088K, used 66802K [0x0000000085200000, 0x0000000100000000)
  region size 1024K, 52 young (53248K), 2 survivors (2048K)
 Metaspace       used 26998K, capacity 27385K, committed 27952K, reserved 1075200K
  class space    used 2979K, capacity 3094K, committed 3200K, reserved 1048576K
}
Event: 5,463 GC heap after
{Heap after GC invocations=20 (full 0):
 garbage-first heap   total 89088K, used 15606K [0x0000000085200000, 0x0000000100000000)
  region size 1024K, 2 young (2048K), 2 survivors (2048K)
 Metaspace       used 26998K, capacity 27385K, committed 27952K, reserved 1075200K
  class space    used 2979K, capacity 3094K, committed 3200K, reserved 1048576K
}
Event: 5,612 GC heap before
{Heap before GC invocations=20 (full 0):
 garbage-first heap   total 89088K, used 66806K [0x0000000085200000, 0x0000000100000000)
  region size 1024K, 52 young (53248K), 2 survivors (2048K)
 Metaspace       used 26998K, capacity 27385K, committed 27952K, reserved 1075200K
  class space    used 2979K, capacity 3094K, committed 3200K, reserved 1048576K
}
Event: 5,617 GC heap after
{Heap after GC invocations=21 (full 0):
 garbage-first heap   total 89088K, used 15702K [0x0000000085200000, 0x0000000100000000)
  region size 1024K, 2 young (2048K), 2 survivors (2048K)
 Metaspace       used 26998K, capacity 27385K, committed 27952K, reserved 1075200K
  class space    used 2979K, capacity 3094K, committed 3200K, reserved 1048576K
}
Event: 5,749 GC heap before
{Heap before GC invocations=21 (full 0):
 garbage-first heap   total 89088K, used 66902K [0x0000000085200000, 0x0000000100000000)
  region size 1024K, 52 young (53248K), 2 survivors (2048K)
 Metaspace       used 26998K, capacity 27385K, committed 27952K, reserved 1075200K
  class space    used 2979K, capacity 3094K, committed 3200K, reserved 1048576K
}
Event: 5,753 GC heap after
{Heap after GC invocations=22 (full 0):
 garbage-first heap   total 115712K, used 15748K [0x0000000085200000, 0x0000000100000000)
  region size 1024K, 2 young (2048K), 2 survivors (2048K)
 Metaspace       used 26998K, capacity 27385K, committed 27952K, reserved 1075200K
  class space    used 2979K, capacity 3094K, committed 3200K, reserved 1048576K
}
Event: 5,936 GC heap before
{Heap before GC invocations=22 (full 0):
 garbage-first heap   total 115712K, used 82308K [0x0000000085200000, 0x0000000100000000)
  region size 1024K, 67 young (68608K), 2 survivors (2048K)
 Metaspace       used 26998K, capacity 27385K, committed 27952K, reserved 1075200K
  class space    used 2979K, capacity 3094K, committed 3200K, reserved 1048576K
}
Event: 5,939 GC heap after
{Heap after GC invocations=23 (full 0):
 garbage-first heap   total 115712K, used 15719K [0x0000000085200000, 0x0000000100000000)
  region size 1024K, 1 young (1024K), 1 survivors (1024K)
 Metaspace       used 26998K, capacity 27385K, committed 27952K, reserved 1075200K
  class space    used 2979K, capacity 3094K, committed 3200K, reserved 1048576K
}
Event: 6,130 GC heap before
{Heap before GC invocations=23 (full 0):
 garbage-first heap   total 115712K, used 83303K [0x0000000085200000, 0x0000000100000000)
  region size 1024K, 67 young (68608K), 1 survivors (1024K)
 Metaspace       used 26999K, capacity 27385K, committed 27952K, reserved 1075200K
  class space    used 2979K, capacity 3094K, committed 3200K, reserved 1048576K
}
Event: 6,132 GC heap after
{Heap after GC invocations=24 (full 0):
 garbage-first heap   total 115712K, used 15706K [0x0000000085200000, 0x0000000100000000)
  region size 1024K, 1 young (1024K), 1 survivors (1024K)
 Metaspace       used 26999K, capacity 27385K, committed 27952K, reserved 1075200K
  class space    used 2979K, capacity 3094K, committed 3200K, reserved 1048576K
}
Event: 6,304 GC heap before
{Heap before GC invocations=24 (full 0):
 garbage-first heap   total 115712K, used 83290K [0x0000000085200000, 0x0000000100000000)
  region size 1024K, 67 young (68608K), 1 survivors (1024K)
 Metaspace       used 26999K, capacity 27385K, committed 27952K, reserved 1075200K
  class space    used 2979K, capacity 3094K, committed 3200K, reserved 1048576K
}
Event: 6,305 GC heap after
{Heap after GC invocations=25 (full 0):
 garbage-first heap   total 115712K, used 15690K [0x0000000085200000, 0x0000000100000000)
  region size 1024K, 1 young (1024K), 1 survivors (1024K)
 Metaspace       used 26999K, capacity 27385K, committed 27952K, reserved 1075200K
  class space    used 2979K, capacity 3094K, committed 3200K, reserved 1048576K
}
Event: 6,474 GC heap before
{Heap before GC invocations=25 (full 0):
 garbage-first heap   total 115712K, used 83274K [0x0000000085200000, 0x0000000100000000)
  region size 1024K, 67 young (68608K), 1 survivors (1024K)
 Metaspace       used 26999K, capacity 27385K, committed 27952K, reserved 1075200K
  class space    used 2979K, capacity 3094K, committed 3200K, reserved 1048576K
}
Event: 6,476 GC heap after
{Heap after GC invocations=26 (full 0):
 garbage-first heap   total 115712K, used 15705K [0x0000000085200000, 0x0000000100000000)
  region size 1024K, 1 young (1024K), 1 survivors (1024K)
 Metaspace       used 26999K, capacity 27385K, committed 27952K, reserved 1075200K
  class space    used 2979K, capacity 3094K, committed 3200K, reserved 1048576K
}

